<?xml version="1.0" encoding="UTF-8"?>
<testng-results skipped="0" failed="0" total="1" passed="1">
  <reporter-output>
  </reporter-output>
  <suite name="Suite" duration-ms="30060" started-at="2019-02-10T03:34:17Z" finished-at="2019-02-10T03:34:47Z">
    <groups>
    </groups>
    <test name="Test" duration-ms="30060" started-at="2019-02-10T03:34:17Z" finished-at="2019-02-10T03:34:47Z">
      <class name="com.demo.learning.invokebrowser">
        <test-method status="PASS" signature="test()[pri:0, instance:com.demo.learning.invokebrowser@be92ad]" name="test" duration-ms="29413" started-at="2019-02-10T09:04:17Z" finished-at="2019-02-10T09:04:46Z">
          <reporter-output>
          </reporter-output>
        </test-method> <!-- test -->
        <test-method status="PASS" signature="teardown()[pri:0, instance:com.demo.learning.invokebrowser@be92ad]" name="teardown" is-config="true" duration-ms="631" started-at="2019-02-10T09:04:46Z" finished-at="2019-02-10T09:04:47Z">
          <reporter-output>
          </reporter-output>
        </test-method> <!-- teardown -->
      </class> <!-- com.demo.learning.invokebrowser -->
    </test> <!-- Test -->
  </suite> <!-- Suite -->
</testng-results>
