<?xml version="1.0" encoding="UTF-8"?>
<testng-results skipped="0" failed="0" total="1" passed="1">
  <reporter-output>
  </reporter-output>
  <suite name="Suite" duration-ms="17216" started-at="2019-02-10T02:16:18Z" finished-at="2019-02-10T02:16:35Z">
    <groups>
    </groups>
    <test name="Test" duration-ms="17216" started-at="2019-02-10T02:16:18Z" finished-at="2019-02-10T02:16:35Z">
      <class name="com.demo.learning.invokebrowser">
        <test-method status="PASS" signature="test()[pri:0, instance:com.demo.learning.invokebrowser@be92ad]" name="test" duration-ms="16584" started-at="2019-02-10T07:46:18Z" finished-at="2019-02-10T07:46:35Z">
          <reporter-output>
          </reporter-output>
        </test-method> <!-- test -->
        <test-method status="PASS" signature="teardown()[pri:0, instance:com.demo.learning.invokebrowser@be92ad]" name="teardown" is-config="true" duration-ms="615" started-at="2019-02-10T07:46:35Z" finished-at="2019-02-10T07:46:35Z">
          <reporter-output>
          </reporter-output>
        </test-method> <!-- teardown -->
      </class> <!-- com.demo.learning.invokebrowser -->
    </test> <!-- Test -->
  </suite> <!-- Suite -->
</testng-results>
